

 SAP2000 v21.0.2 Ultimate 64-bit (Analysis Build 9720/64)
 File: D:\12 大跨结构找形\04 2d网格力密度法找形\progress\SAP Models\Eg2.LOG




 B E G I N   A N A L Y S I S                                2022/04/23  20:18:01


 RUNNING ANALYSIS WITHIN THE GUI PROCESS
 USING THE ADVANCED SOLVER (PROVIDES LIMITED INSTABILITY INFORMATION)

 NUMBER OF JOINTS                          =         841
    WITH RESTRAINTS                        =         114
 NUMBER OF FRAME/CABLE/TENDON ELEMENTS     =        1624
 NUMBER OF LOAD PATTERNS                   =           4
 NUMBER OF ACCELERATION LOADS              =           9
 NUMBER OF LOAD CASES                      =           3

 ADDRESSABLE PHYSICAL MEMORY (RAM)         =      15.858 GB

 PARALLELIZATION OF ANALYSIS OPERATIONS:
 (Env. variable SAPFIRE_NUM_THREADS        =           0)
 NUMBER OF THREADS: STATE (AUTOMATIC)      =           4
 NUMBER OF THREADS: STIFFNESS (AUTOMATIC)  =           4
 NUMBER OF THREADS: EVENT (AUTOMATIC)      =           4
 NUMBER OF THREADS: MOVE (AUTOMATIC)       =           4
 NUMBER OF THREADS: RESPONSE (AUTOMATIC)   =           4
 NUMBER OF THREADS: SOLVE (AUTOMATIC)      =           4
 NUMBER OF THREADS: FORM (AUTOMATIC)       =           4


 N O N L I N E A R   S T A T I C   A N A L Y S I S                      20:18:01

 CASE: PRE

 STARTING FROM ZERO (UNSTRESSED) INITIAL CONDITIONS

 LOAD CONTROL TYPE                         =       FORCE
 TYPE OF GEOMETRIC NONLINEARITY            = LARGE DISPLACEMENT AND P-DELTA
 USE EVENT STEPPING                        =         YES
 USE ITERATION                             =         YES
 USE LINE SEARCH                           =          NO
 EVENT LUMPING TOLERANCE                   =    0.010000
 FORCE CONVERGENCE TOLERANCE (RELATIVE)    =    0.000100


 E L E M E N T   F O R M A T I O N                                      20:18:01


 Negative iterations are Constant-Stiffness
 Positive iterations are Newton-Raphson

  Saved    Null   Total  Iteration   Relative  Curr Step   Curr Sum    Max Sum
  Steps   Steps   Steps  this Step  Unbalance       Size   of Steps   of Steps
 (    1      50     200     -10/40   1.000000   1.000000   1.000000   1.000000)

      0       0       1         -1   3364.344   1.000000    .000000    .000000
      0       0       1         -2 1.0677E+06   1.000000    .000000    .000000
      0       0       1         -3 4.2105E+13   1.000000    .000000    .000000
      0       0       1         -4 7.9452E+27   1.000000    .000000    .000000
      0       0       1          1   3364.344   1.000000    .000000    .000000
      0       0       1          2 833.687520   1.000000    .000000    .000000
      0       0       1          3 553.290007   1.000000    .000000    .000000
      0       0       1          4  17.056795   1.000000    .000000    .000000
      0       0       1          5   1.228609   1.000000    .000000    .000000
      0       0       1  Conv    6   0.000513   1.000000   1.000000   1.000000

 ----------------------------------------
 BASIC STABILITY CHECK FOR FORCE-CONTROLLED NONLINEAR STATIC LOAD CASES:
    NUMBER OF NEGATIVE STIFFNESS EIGENVALUES SHOULD BE ZERO FOR STABILITY.
    (NOTE: FURTHER CHECKS SHOULD BE CONSIDERED AS DEEMED NECESSARY)

    NUMBER FOUND AT FINAL CONVERGED STATE  =           0,  OK.
 ----------------------------------------

 NUMBER OF STIFFNESS FORMATIONS/SOLUTIONS  =           7

 TIME FOR INITIALIZING ANALYSIS            =        0.05
 TIME FOR CONTROLLING ANALYSIS             =        0.10
 TIME FOR UPDATING LOADS AND STATE         =        0.16
 TIME FOR FORMING STIFFNESS MATRIX         =        0.04
 TIME FOR SOLVING STIFFNESS MATRIX         =        0.58
 TIME FOR CALCULATING DISPLACEMENTS        =        0.23
 TIME FOR DETERMINING EVENTS               =        0.06
 TIME FOR SAVING RESULTS                   =        0.00
                                               ----------
 TOTAL TIME FOR THIS ANALYSIS              =        1.22


 N O N L I N E A R   S T A T I C   A N A L Y S I S                      20:18:02

 CASE: UNIT

 STARTING FROM ZERO (UNSTRESSED) INITIAL CONDITIONS

 LOAD CONTROL TYPE                         =       FORCE
 TYPE OF GEOMETRIC NONLINEARITY            = LARGE DISPLACEMENT AND P-DELTA
 USE EVENT STEPPING                        =         YES
 USE ITERATION                             =         YES
 USE LINE SEARCH                           =          NO
 EVENT LUMPING TOLERANCE                   =    0.010000
 FORCE CONVERGENCE TOLERANCE (RELATIVE)    =    0.000100

 Negative iterations are Constant-Stiffness
 Positive iterations are Newton-Raphson

  Saved    Null   Total  Iteration   Relative  Curr Step   Curr Sum    Max Sum
  Steps   Steps   Steps  this Step  Unbalance       Size   of Steps   of Steps
 (    1      50     200     -10/40   1.000000   1.000000   1.000000   1.000000)

      0       0       1         -1   9893.095   1.000000    .000000    .000000
      0       0       1         -2 6.8652E+06   1.000000    .000000    .000000
      0       0       1         -3 4.7611E+14   1.000000    .000000    .000000
      0       0       1         -4 8.4485E+29   1.000000    .000000    .000000
      0       0       1          1   9893.095   1.000000    .000000    .000000
      0       0       1          2   2402.106   1.000000    .000000    .000000
      0       0       1          3   6517.662   1.000000    .000000    .000000
      0       0       1          4   1038.043   1.000000    .000000    .000000
      0       0       1          5 609.087442   1.000000    .000000    .000000
      0       0       1          6  11.297344   1.000000    .000000    .000000
      0       0       1  Conv    7   0.318709   1.000000   1.000000   1.000000

 ----------------------------------------
 BASIC STABILITY CHECK FOR FORCE-CONTROLLED NONLINEAR STATIC LOAD CASES:
    NUMBER OF NEGATIVE STIFFNESS EIGENVALUES SHOULD BE ZERO FOR STABILITY.
    (NOTE: FURTHER CHECKS SHOULD BE CONSIDERED AS DEEMED NECESSARY)

    NUMBER FOUND AT FINAL CONVERGED STATE  =           0,  OK.
 ----------------------------------------

 NUMBER OF STIFFNESS FORMATIONS/SOLUTIONS  =           8

 TIME FOR INITIALIZING ANALYSIS            =        0.00
 TIME FOR CONTROLLING ANALYSIS             =        0.11
 TIME FOR UPDATING LOADS AND STATE         =        0.21
 TIME FOR FORMING STIFFNESS MATRIX         =        0.02
 TIME FOR SOLVING STIFFNESS MATRIX         =        0.71
 TIME FOR CALCULATING DISPLACEMENTS        =        0.24
 TIME FOR DETERMINING EVENTS               =        0.02
 TIME FOR SAVING RESULTS                   =        0.00
                                               ----------
 TOTAL TIME FOR THIS ANALYSIS              =        1.31


 N O N L I N E A R   S T A T I C   A N A L Y S I S                      20:18:03

 CASE: UNIT-NL

 CONTINUING FROM THE END OF CASE: PRE

 LOAD CONTROL TYPE                         =       FORCE
 TYPE OF GEOMETRIC NONLINEARITY            = LARGE DISPLACEMENT AND P-DELTA
 USE EVENT STEPPING                        =         YES
 USE ITERATION                             =         YES
 USE LINE SEARCH                           =          NO
 EVENT LUMPING TOLERANCE                   =    0.010000
 FORCE CONVERGENCE TOLERANCE (RELATIVE)    =    0.000100

 Negative iterations are Constant-Stiffness
 Positive iterations are Newton-Raphson

  Saved    Null   Total  Iteration   Relative  Curr Step   Curr Sum    Max Sum
  Steps   Steps   Steps  this Step  Unbalance       Size   of Steps   of Steps
 (    1      50     200     -10/40   1.000000   1.000000   1.000000   1.000000)

      0       0       1         -1   5424.469   1.000000    .000000    .000000
      0       0       1         -2 848.442971   1.000000    .000000    .000000
      0       0       1         -3 691.960718   1.000000    .000000    .000000
      0       0       1         -4 140.052752   1.000000    .000000    .000000
      0       0       1         -5  73.024815   1.000000    .000000    .000000
      0       0       1         -6  19.065486   1.000000    .000000    .000000
      0       0       1         -7   8.010311   1.000000    .000000    .000000
      0       0       1         -8   2.384340   1.000000    .000000    .000000
      0       0       1  Conv   -9   0.900541   1.000000   1.000000   1.000000

 ----------------------------------------
 BASIC STABILITY CHECK FOR FORCE-CONTROLLED NONLINEAR STATIC LOAD CASES:
    NUMBER OF NEGATIVE STIFFNESS EIGENVALUES SHOULD BE ZERO FOR STABILITY.
    (NOTE: FURTHER CHECKS SHOULD BE CONSIDERED AS DEEMED NECESSARY)

    NUMBER FOUND AT FINAL CONVERGED STATE  =           0,  OK.
 ----------------------------------------

 NUMBER OF STIFFNESS FORMATIONS/SOLUTIONS  =           2

 TIME FOR INITIALIZING ANALYSIS            =        0.13
 TIME FOR CONTROLLING ANALYSIS             =        0.09
 TIME FOR UPDATING LOADS AND STATE         =        0.18
 TIME FOR FORMING STIFFNESS MATRIX         =        0.01
 TIME FOR SOLVING STIFFNESS MATRIX         =        0.10
 TIME FOR CALCULATING DISPLACEMENTS        =        0.19
 TIME FOR DETERMINING EVENTS               =        0.04
 TIME FOR SAVING RESULTS                   =        0.00
                                               ----------
 TOTAL TIME FOR THIS ANALYSIS              =        0.74


 A N A L Y S I S   C O M P L E T E                          2022/04/23  20:18:04
